 THIS SOFTWARE AND ANY ACCOMPANYING DOCUMENTATION
 IS RELEASED "AS IS".  THE U.S. GOVERNMENT MAKES NO
 WARRANTY OF ANY KIND, EXPRESS OR IMPLIED, CONCERNING
 THIS SOFTWARE AND ANY ACCOMPANYING DOCUMENTATION,
 INCLUDING, WITHOUT LIMITATION, ANY WARRANTIES OF
 MERCHANTABILITY OR FITNESS FOR A PARTICULAR PURPOSE.
 IN NO EVENT WILL THE U.S. GOVERNMENT BE LIABLE FOR ANY
 DAMAGES, INCLUDING LOST PROFITS, LOST SAVINGS OR OTHER
 INCIDENTAL OR CONSEQUENTIAL DAMAGES ARISING OUT OF THE 
 USE, OR INABILITY TO USE, THIS SOFTWARE OR ANY
 ACCOMPANYING DOCUMENTATION, EVEN IF INFORMED IN ADVANCE
 OF THE POSSIBILITY OF SUCH DAMAGES.








                                        ****************************************************
                                        *    USAF STABILITY AND CONTROL  DIGITAL DATCOM    *
                                        *    PROGRAM REV. JAN 96   DIRECT INQUIRIES TO:    *
                                        *   WRIGHT LABORATORY  (WL/FIGC)  ATTN: W. BLAKE   *
                                        *         WRIGHT PATTERSON AFB, OHIO  45433        *
                                        *    PHONE (513) 255-6764,   FAX (513) 258-4054    *
                                        ****************************************************
1                         CONERR - INPUT ERROR CHECKING
0 ERROR CODES - N* DENOTES THE NUMBER OF OCCURENCES OF EACH ERROR
0 A - UNKNOWN VARIABLE NAME
0 B - MISSING EQUAL SIGN FOLLOWING VARIABLE NAME
0 C - NON-ARRAY VARIABLE HAS AN ARRAY ELEMENT DESIGNATION - (N)
0 D - NON-ARRAY VARIABLE HAS MULTIPLE VALUES ASSIGNED
0 E - ASSIGNED VALUES EXCEED ARRAY DIMENSION
0 F - SYNTAX ERROR

0******************************  INPUT DATA CARDS  ******************************

 DIM IN                                                                          
 DERIV DEG                                                                       
 DAMP                                                                            
 PART                                                                            
  $FLTCON WT=2.045, LOOP=2.0,                                                    
          NMACH=1.0, MACH(1)=0.01,                                               
          NALT=1.0, ALT(1)=791.0,                                                
          NALPHA=20.0,                                                           
          ALSCHD(1)= -16.0, -8.0, -6.0, -4.0, -2.0, 0.0, 2.0, 4.0, 8.0, 9.0,     
              10.0, 12.0, 14.0, 16.0, 18.0, 19.0, 20.0, 21.0, 22.0, 24.0,        
          STMACH=0.6, TSMACH=1.4, TR=1.0$                                        
  $OPTINS SREF = 112.375, CBARR = 2.99, BLREF = 39.37,ROUGFC = 0.4E-3$           
  $SYNTHS                                                                        
   XCG = 31.697, ZCG = 0.256,                                                    
   XW = 8.49, ZW = 0.63, ALIW = 0.0,                                             
   XH = 26.378, ZH = 0.0,                                                        
   XV = 26.378, ZV = 0.0$                                                        
  $BODY                                                                          
    NX = 9.0,                                                                    
    X(1) = 0.0,3.58,7.905,30.392,11.965,18.45,22.146,25.84,27.68,25.5276,        
    S(1) = 0.0,4.517,4.517,4.517,                                                
    P(1) = 0.0,8.66,8.66,8.66,                                                   
    R(1) = 0.0,1.181,1.181,1.181,0.394,0.394,0.394,0.394,0.394,0.0,              
    ZU(1) = 0.0,0.984,0.984,0.984,0.394,0.394,0.394,0.394,0.394,0.0,             
    ZL(1) = 0.0,-0.984,-0.984,-0.984,-0.394,-0.394,-0.394,-0.394,-0.394,0.0,     
    ITYPE = 1.0,                                                                 
    METHOD =1.0$                                                                 
  $WGPLNF                                                                        
   CHRDR = 3.937, CHRDTP = 1.772,                                                
   SSPN = 19.685, SSPNE = 18.14,                                                 
   DHDADI = 11.0,                                                                
   TYPE = 1.0$                                                                   
 NACA W 4 4412                                                                   
 NACA H 4 0010                                                                   
 NACA V 4 0010                                                                   
  $HTPLNF                                                                        
   CHRDR = 3.149, CHRDTP = 1.575,                                                
   SSPN = 3.94, SSPNE = 3.58,                                                    
   SAVSI = 22.0, CHSTAT = 0.0,                                                   
   TYPE = 1.0$                                                                   
  $VTPLNF                                                                        
   CHRDR = 3.149, CHRDTP = 1.772,                                                
   SSPN = 3.94, SSPNE = 3.57,                                                    
   SAVSI = 21.8, CHSTAT = 0.0,                                                   
   TYPE = 1.0$                                                                   
  $SYMFLP                                                                        
   FTYPE = 1.0,                                                                  
   NDELTA = 7.0, DELTA(1) = -15.0,-10.0,-5.0,0.0,5.0,10.0,15.0,                  
   PHETE = 0.0014, PHETEP = 0.0003,                                              
   CHRDFI = 1.5748, CHRDFO = 0.7874,                                             
   SPANFI = 0.36, SPANFO = 3.94,                                                 
   CB = 0.17, TC = 0.139,                                                        
   NTYPE = 1.0$                                                                  
 CASEID TOTAL: TOTAL: Glider SOAR                                                
1          THE FOLLOWING IS A LIST OF ALL INPUT CARDS FOR THIS CASE.
0
 DIM IN                                                                          
 DERIV DEG                                                                       
 DAMP                                                                            
 PART                                                                            
  $FLTCON WT=2.045, LOOP=2.0,                                                    
          NMACH=1.0, MACH(1)=0.01,                                               
          NALT=1.0, ALT(1)=791.0,                                                
          NALPHA=20.0,                                                           
          ALSCHD(1)= -16.0, -8.0, -6.0, -4.0, -2.0, 0.0, 2.0, 4.0, 8.0, 9.0,     
              10.0, 12.0, 14.0, 16.0, 18.0, 19.0, 20.0, 21.0, 22.0, 24.0,        
          STMACH=0.6, TSMACH=1.4, TR=1.0$                                        
  $OPTINS SREF = 112.375, CBARR = 2.99, BLREF = 39.37,ROUGFC = 0.4E-3$           
  $SYNTHS                                                                        
   XCG = 31.697, ZCG = 0.256,                                                    
   XW = 8.49, ZW = 0.63, ALIW = 0.0,                                             
   XH = 26.378, ZH = 0.0,                                                        
   XV = 26.378, ZV = 0.0$                                                        
  $BODY                                                                          
    NX = 9.0,                                                                    
    X(1) = 0.0,3.58,7.905,30.392,11.965,18.45,22.146,25.84,27.68,25.5276,        
    S(1) = 0.0,4.517,4.517,4.517,                                                
    P(1) = 0.0,8.66,8.66,8.66,                                                   
    R(1) = 0.0,1.181,1.181,1.181,0.394,0.394,0.394,0.394,0.394,0.0,              
    ZU(1) = 0.0,0.984,0.984,0.984,0.394,0.394,0.394,0.394,0.394,0.0,             
    ZL(1) = 0.0,-0.984,-0.984,-0.984,-0.394,-0.394,-0.394,-0.394,-0.394,0.0,     
    ITYPE = 1.0,                                                                 
    METHOD =1.0$                                                                 
  $WGPLNF                                                                        
   CHRDR = 3.937, CHRDTP = 1.772,                                                
   SSPN = 19.685, SSPNE = 18.14,                                                 
   DHDADI = 11.0,                                                                
   TYPE = 1.0$                                                                   
 NACA W 4 4412                                                                   
 NACA H 4 0010                                                                   
 NACA V 4 0010                                                                   
  $HTPLNF                                                                        
   CHRDR = 3.149, CHRDTP = 1.575,                                                
   SSPN = 3.94, SSPNE = 3.58,                                                    
   SAVSI = 22.0, CHSTAT = 0.0,                                                   
   TYPE = 1.0$                                                                   
  $VTPLNF                                                                        
   CHRDR = 3.149, CHRDTP = 1.772,                                                
   SSPN = 3.94, SSPNE = 3.57,                                                    
   SAVSI = 21.8, CHSTAT = 0.0,                                                   
   TYPE = 1.0$                                                                   
  $SYMFLP                                                                        
   FTYPE = 1.0,                                                                  
   NDELTA = 7.0, DELTA(1) = -15.0,-10.0,-5.0,0.0,5.0,10.0,15.0,                  
   PHETE = 0.0014, PHETEP = 0.0003,                                              
   CHRDFI = 1.5748, CHRDFO = 0.7874,                                             
   SPANFI = 0.36, SPANFO = 3.94,                                                 
   CB = 0.17, TC = 0.139,                                                        
   NTYPE = 1.0$                                                                  
 CASEID TOTAL: TOTAL: Glider SOAR                                                
0ERROR ** FLAP INBOARD SPAN, SPANI =  .36000E+00, IT IS INSIDE THE BODY AS DEFINED BY SSPN AND SSPNE
          SPANI IS REDEFINED, SPANI = SSPN-SSPNE =  .36000E+00

0 INPUT DIMENSIONS ARE IN IN, SCALE FACTOR IS 1.0000

1                             AUTOMATED STABILITY AND CONTROL METHODS PER APRIL 1976 VERSION OF DATCOM   
                                                        WING SECTION DEFINITION
                                                                NACA 4412
     UPPER ABSCISSA     UPPER ORDINATE     LOWER ABSCISSA     LOWER ORDINATE      X-FRACTION CHORD    MEAN LINE    THICKNESS
          .00000             .00000            .00000            .00000               .00000            .00000        .00000
         -.00009             .00565            .00209           -.00525               .00100            .00020        .01111
          .00047             .00806            .00353           -.00727               .00200            .00040        .01563
          .00114             .00994            .00486           -.00875               .00300            .00060        .01906
          .00187             .01155            .00613           -.00996               .00400            .00080        .02192
          .00263             .01298            .00737           -.01099               .00500            .00099        .02443
          .00342             .01428            .00858           -.01189               .00600            .00119        .02668
          .00423             .01548            .00977           -.01271               .00700            .00139        .02873
          .00505             .01661            .01095           -.01345               .00800            .00158        .03063
          .00589             .01768            .01211           -.01412               .00900            .00178        .03240
          .00674             .01870            .01326           -.01475               .01000            .00198        .03407
          .01560             .02708            .02440           -.01928               .02000            .00390        .04720
          .02483             .03370            .03517           -.02215               .03000            .00577        .05680
          .03428             .03937            .04572           -.02417               .04000            .00760        .06455
          .04387             .04439            .05613           -.02564               .05000            .00937        .07109
          .05357             .04893            .06643           -.02673               .06000            .01110        .07675
          .06335             .05309            .07665           -.02754               .07000            .01277        .08173
          .07319             .05693            .08681           -.02813               .08000            .01440        .08614
          .08310             .06049            .09690           -.02854               .09000            .01597        .09010
          .09305             .06381            .10695           -.02881               .10000            .01750        .09366
          .10305             .06691            .11695           -.02896               .11000            .01897        .09686
          .11308             .06980            .12692           -.02900               .12000            .02040        .09976
          .12315             .07251            .13685           -.02896               .13000            .02177        .10239
          .13325             .07504            .14675           -.02884               .14000            .02310        .10476
          .14337             .07741            .15663           -.02866               .15000            .02437        .10690
          .15352             .07963            .16648           -.02843               .16000            .02560        .10884
          .16368             .08170            .17632           -.02815               .17000            .02677        .11057
          .17387             .08363            .18613           -.02783               .18000            .02790        .11213
          .18407             .08543            .19593           -.02748               .19000            .02898        .11352
          .19429             .08709            .20571           -.02709               .20000            .03000        .11475
          .20452             .08863            .21548           -.02668               .21000            .03098        .11583
          .21477             .09005            .22523           -.02625               .22000            .03190        .11677
          .22502             .09135            .23498           -.02580               .23000            .03278        .11758
          .23528             .09254            .24472           -.02534               .24000            .03360        .11826
          .24556             .09362            .25444           -.02487               .25000            .03438        .11882
          .25584             .09459            .26416           -.02439               .26000            .03510        .11927
          .26612             .09546            .27388           -.02391               .27000            .03577        .11961
          .27641             .09622            .28359           -.02342               .28000            .03640        .11985
          .28671             .09688            .29329           -.02293               .29000            .03698        .11999
          .29700             .09744            .30300           -.02244               .30000            .03750        .12003
          .34851             .09884            .35149           -.02009               .35000            .03937        .11897
          .40000             .09803            .40000           -.01803               .40000            .04000        .11606
          .45062             .09553            .44938           -.01608               .45000            .03972        .11161
          .50118             .09182            .49882           -.01404               .50000            .03889        .10588
          .55165             .08700            .54835           -.01200               .55000            .03750        .09905
          .60203             .08114            .59797           -.01003               .60000            .03556        .09127
          .65229             .07432            .64771           -.00821               .65000            .03306        .08265
          .70244             .06656            .69756           -.00656               .70000            .03000        .07328
          .75245             .05790            .74755           -.00512               .75000            .02639        .06321
          .80232             .04835            .79768           -.00391               .80000            .02222        .05246
          .82223             .04429            .81777           -.00349               .82000            .02040        .04798
          .84211             .04008            .83789           -.00310               .84000            .01849        .04339
          .86197             .03573            .85803           -.00275               .86000            .01649        .03869
          .88180             .03124            .87820           -.00244               .88000            .01440        .03388
          .90160             .02661            .89840           -.00217               .90000            .01222        .02895
          .92137             .02183            .91863           -.00192               .92000            .00996        .02392
          .94112             .01691            .93888           -.00171               .94000            .00760        .01876
          .96083             .01184            .95917           -.00153               .96000            .00516        .01347
          .98052             .00662            .97948           -.00138               .98000            .00262        .00806
         1.00000             .00000           1.00000            .00000              1.00000            .00000        .00000
1                             AUTOMATED STABILITY AND CONTROL METHODS PER APRIL 1976 VERSION OF DATCOM   
                                                        WING SECTION DEFINITION
0                                 IDEAL ANGLE OF ATTACK =    .51514 DEG.

                              ZERO LIFT ANGLE OF ATTACK =  -3.74044 DEG.

                                 IDEAL LIFT COEFFICIENT =    .51204

                  ZERO LIFT PITCHING MOMENT COEFFICIENT =   -.10167

                             MACH ZERO LIFT-CURVE-SLOPE =    .09701 /DEG.

                                    LEADING EDGE RADIUS =    .01587 FRACTION CHORD

                              MAXIMUM AIRFOIL THICKNESS =    .12000 FRACTION CHORD

                                                DELTA-Y =   3.16898 PERCENT CHORD


0                         MACH=  .0100 LIFT-CURVE-SLOPE =    .09674 /DEG.      XAC =    .25451
1                             AUTOMATED STABILITY AND CONTROL METHODS PER APRIL 1976 VERSION OF DATCOM   
                                                   HORIZONTAL TAIL SECTION DEFINITION
                                                                NACA 0010
     UPPER ABSCISSA     UPPER ORDINATE     LOWER ABSCISSA     LOWER ORDINATE      X-FRACTION CHORD    MEAN LINE    THICKNESS
          .00000             .00000            .00000            .00000               .00000            .00000        .00000
          .00100             .00463            .00100           -.00463               .00100            .00000        .00926
          .00200             .00651            .00200           -.00651               .00200            .00000        .01302
          .00300             .00794            .00300           -.00794               .00300            .00000        .01588
          .00400             .00913            .00400           -.00913               .00400            .00000        .01827
          .00500             .01018            .00500           -.01018               .00500            .00000        .02036
          .00600             .01111            .00600           -.01111               .00600            .00000        .02223
          .00700             .01197            .00700           -.01197               .00700            .00000        .02394
          .00800             .01276            .00800           -.01276               .00800            .00000        .02553
          .00900             .01350            .00900           -.01350               .00900            .00000        .02700
          .01000             .01420            .01000           -.01420               .01000            .00000        .02840
          .02000             .01966            .02000           -.01966               .02000            .00000        .03933
          .03000             .02367            .03000           -.02367               .03000            .00000        .04734
          .04000             .02690            .04000           -.02690               .04000            .00000        .05380
          .05000             .02962            .05000           -.02962               .05000            .00000        .05924
          .06000             .03198            .06000           -.03198               .06000            .00000        .06396
          .07000             .03405            .07000           -.03405               .07000            .00000        .06810
          .08000             .03589            .08000           -.03589               .08000            .00000        .07179
          .09000             .03754            .09000           -.03754               .09000            .00000        .07508
          .10000             .03902            .10000           -.03902               .10000            .00000        .07805
          .11000             .04036            .11000           -.04036               .11000            .00000        .08072
          .12000             .04157            .12000           -.04157               .12000            .00000        .08314
          .13000             .04266            .13000           -.04266               .13000            .00000        .08532
          .14000             .04365            .14000           -.04365               .14000            .00000        .08730
          .15000             .04454            .15000           -.04454               .15000            .00000        .08909
          .16000             .04535            .16000           -.04535               .16000            .00000        .09070
          .17000             .04607            .17000           -.04607               .17000            .00000        .09215
          .18000             .04672            .18000           -.04672               .18000            .00000        .09344
          .19000             .04730            .19000           -.04730               .19000            .00000        .09460
          .20000             .04781            .20000           -.04781               .20000            .00000        .09563
          .21000             .04826            .21000           -.04826               .21000            .00000        .09653
          .22000             .04866            .22000           -.04866               .22000            .00000        .09731
          .23000             .04899            .23000           -.04899               .23000            .00000        .09798
          .24000             .04928            .24000           -.04928               .24000            .00000        .09855
          .25000             .04951            .25000           -.04951               .25000            .00000        .09902
          .26000             .04970            .26000           -.04970               .26000            .00000        .09939
          .27000             .04984            .27000           -.04984               .27000            .00000        .09968
          .28000             .04994            .28000           -.04994               .28000            .00000        .09988
          .29000             .05000            .29000           -.05000               .29000            .00000        .09999
          .30000             .05001            .30000           -.05001               .30000            .00000        .10003
          .35000             .04957            .35000           -.04957               .35000            .00000        .09914
          .40000             .04836            .40000           -.04836               .40000            .00000        .09672
          .45000             .04651            .45000           -.04651               .45000            .00000        .09301
          .50000             .04412            .50000           -.04412               .50000            .00000        .08823
          .55000             .04127            .55000           -.04127               .55000            .00000        .08254
          .60000             .03803            .60000           -.03803               .60000            .00000        .07606
          .65000             .03444            .65000           -.03444               .65000            .00000        .06887
          .70000             .03053            .70000           -.03053               .70000            .00000        .06107
          .75000             .02634            .75000           -.02634               .75000            .00000        .05267
          .80000             .02186            .80000           -.02186               .80000            .00000        .04372
          .82000             .01999            .82000           -.01999               .82000            .00000        .03998
          .84000             .01808            .84000           -.01808               .84000            .00000        .03616
          .86000             .01612            .86000           -.01612               .86000            .00000        .03224
          .88000             .01412            .88000           -.01412               .88000            .00000        .02823
          .90000             .01206            .90000           -.01206               .90000            .00000        .02413
          .92000             .00996            .92000           -.00996               .92000            .00000        .01993
          .94000             .00782            .94000           -.00782               .94000            .00000        .01563
          .96000             .00561            .96000           -.00561               .96000            .00000        .01123
          .98000             .00336            .98000           -.00336               .98000            .00000        .00672
         1.00000             .00000           1.00000            .00000              1.00000            .00000        .00000
1                             AUTOMATED STABILITY AND CONTROL METHODS PER APRIL 1976 VERSION OF DATCOM   
                                                   HORIZONTAL TAIL SECTION DEFINITION
0                                 IDEAL ANGLE OF ATTACK =    .00000 DEG.

                              ZERO LIFT ANGLE OF ATTACK =    .00000 DEG.

                                 IDEAL LIFT COEFFICIENT =    .00000

                  ZERO LIFT PITCHING MOMENT COEFFICIENT =    .00000

                             MACH ZERO LIFT-CURVE-SLOPE =    .09755 /DEG.

                                    LEADING EDGE RADIUS =    .01102 FRACTION CHORD

                              MAXIMUM AIRFOIL THICKNESS =    .10000 FRACTION CHORD

                                                DELTA-Y =   2.64081 PERCENT CHORD


0                         MACH=  .0100 LIFT-CURVE-SLOPE =    .09796 /DEG.      XAC =    .25960
1                             AUTOMATED STABILITY AND CONTROL METHODS PER APRIL 1976 VERSION OF DATCOM   
                                                    VERTICAL TAIL SECTION DEFINITION
                                                                NACA 0010
     UPPER ABSCISSA     UPPER ORDINATE     LOWER ABSCISSA     LOWER ORDINATE      X-FRACTION CHORD    MEAN LINE    THICKNESS
          .00000             .00000            .00000            .00000               .00000            .00000        .00000
          .00100             .00463            .00100           -.00463               .00100            .00000        .00926
          .00200             .00651            .00200           -.00651               .00200            .00000        .01302
          .00300             .00794            .00300           -.00794               .00300            .00000        .01588
          .00400             .00913            .00400           -.00913               .00400            .00000        .01827
          .00500             .01018            .00500           -.01018               .00500            .00000        .02036
          .00600             .01111            .00600           -.01111               .00600            .00000        .02223
          .00700             .01197            .00700           -.01197               .00700            .00000        .02394
          .00800             .01276            .00800           -.01276               .00800            .00000        .02553
          .00900             .01350            .00900           -.01350               .00900            .00000        .02700
          .01000             .01420            .01000           -.01420               .01000            .00000        .02840
          .02000             .01966            .02000           -.01966               .02000            .00000        .03933
          .03000             .02367            .03000           -.02367               .03000            .00000        .04734
          .04000             .02690            .04000           -.02690               .04000            .00000        .05380
          .05000             .02962            .05000           -.02962               .05000            .00000        .05924
          .06000             .03198            .06000           -.03198               .06000            .00000        .06396
          .07000             .03405            .07000           -.03405               .07000            .00000        .06810
          .08000             .03589            .08000           -.03589               .08000            .00000        .07179
          .09000             .03754            .09000           -.03754               .09000            .00000        .07508
          .10000             .03902            .10000           -.03902               .10000            .00000        .07805
          .11000             .04036            .11000           -.04036               .11000            .00000        .08072
          .12000             .04157            .12000           -.04157               .12000            .00000        .08314
          .13000             .04266            .13000           -.04266               .13000            .00000        .08532
          .14000             .04365            .14000           -.04365               .14000            .00000        .08730
          .15000             .04454            .15000           -.04454               .15000            .00000        .08909
          .16000             .04535            .16000           -.04535               .16000            .00000        .09070
          .17000             .04607            .17000           -.04607               .17000            .00000        .09215
          .18000             .04672            .18000           -.04672               .18000            .00000        .09344
          .19000             .04730            .19000           -.04730               .19000            .00000        .09460
          .20000             .04781            .20000           -.04781               .20000            .00000        .09563
          .21000             .04826            .21000           -.04826               .21000            .00000        .09653
          .22000             .04866            .22000           -.04866               .22000            .00000        .09731
          .23000             .04899            .23000           -.04899               .23000            .00000        .09798
          .24000             .04928            .24000           -.04928               .24000            .00000        .09855
          .25000             .04951            .25000           -.04951               .25000            .00000        .09902
          .26000             .04970            .26000           -.04970               .26000            .00000        .09939
          .27000             .04984            .27000           -.04984               .27000            .00000        .09968
          .28000             .04994            .28000           -.04994               .28000            .00000        .09988
          .29000             .05000            .29000           -.05000               .29000            .00000        .09999
          .30000             .05001            .30000           -.05001               .30000            .00000        .10003
          .35000             .04957            .35000           -.04957               .35000            .00000        .09914
          .40000             .04836            .40000           -.04836               .40000            .00000        .09672
          .45000             .04651            .45000           -.04651               .45000            .00000        .09301
          .50000             .04412            .50000           -.04412               .50000            .00000        .08823
          .55000             .04127            .55000           -.04127               .55000            .00000        .08254
          .60000             .03803            .60000           -.03803               .60000            .00000        .07606
          .65000             .03444            .65000           -.03444               .65000            .00000        .06887
          .70000             .03053            .70000           -.03053               .70000            .00000        .06107
          .75000             .02634            .75000           -.02634               .75000            .00000        .05267
          .80000             .02186            .80000           -.02186               .80000            .00000        .04372
          .82000             .01999            .82000           -.01999               .82000            .00000        .03998
          .84000             .01808            .84000           -.01808               .84000            .00000        .03616
          .86000             .01612            .86000           -.01612               .86000            .00000        .03224
          .88000             .01412            .88000           -.01412               .88000            .00000        .02823
          .90000             .01206            .90000           -.01206               .90000            .00000        .02413
          .92000             .00996            .92000           -.00996               .92000            .00000        .01993
          .94000             .00782            .94000           -.00782               .94000            .00000        .01563
          .96000             .00561            .96000           -.00561               .96000            .00000        .01123
          .98000             .00336            .98000           -.00336               .98000            .00000        .00672
         1.00000             .00000           1.00000            .00000              1.00000            .00000        .00000
1                             AUTOMATED STABILITY AND CONTROL METHODS PER APRIL 1976 VERSION OF DATCOM   
                                                    VERTICAL TAIL SECTION DEFINITION
0                                 IDEAL ANGLE OF ATTACK =    .00000 DEG.

                              ZERO LIFT ANGLE OF ATTACK =    .00000 DEG.

                                 IDEAL LIFT COEFFICIENT =    .00000

                  ZERO LIFT PITCHING MOMENT COEFFICIENT =    .00000

                             MACH ZERO LIFT-CURVE-SLOPE =    .09755 /DEG.

                                    LEADING EDGE RADIUS =    .01102 FRACTION CHORD

                              MAXIMUM AIRFOIL THICKNESS =    .10000 FRACTION CHORD

                                                DELTA-Y =   2.64081 PERCENT CHORD


0                         MACH=  .0100 LIFT-CURVE-SLOPE =    .09796 /DEG.      XAC =    .25960
1                               AUTOMATED STABILITY AND CONTROL METHODS PER APRIL 1976 VERSION OF DATCOM
                                         CHARACTERISTICS AT ANGLE OF ATTACK AND IN SIDESLIP
                                        WING-BODY-VERTICAL TAIL-HORIZONTAL TAIL CONFIGURATION
                                                     TOTAL: TOTAL: Glider SOAR
 
 -----------------------  FLIGHT CONDITIONS  ------------------------           --------------  REFERENCE DIMENSIONS  ------------
  MACH    ALTITUDE   VELOCITY    PRESSURE    TEMPERATURE     REYNOLDS             REF.      REFERENCE LENGTH   MOMENT REF. CENTER
 NUMBER                                                       NUMBER              AREA       LONG.     LAT.     HORIZ      VERT
             IN       IN/SEC     LB/IN**2       DEG R         1/FT               IN**2        IN        IN        IN        IN
0  .010     791.00     133.93   1.4661E+01     518.435     7.0554E+04           112.375      2.990    39.370    31.697      .256
0                                                               -------------------DERIVATIVE (PER DEGREE)-------------------
0 ALPHA     CD       CL       CM       CN       CA       XCP        CLA          CMA          CYB          CNB          CLB
0
  -16.0     .125   -1.325   -9.6400  -1.308    -.245    7.372    1.116E-01    8.022E-01   -5.826E-03   -9.221E-04   -3.203E-03
   -8.0     .058    -.473   -3.2424   -.476    -.009    6.805    1.036E-01    7.512E-01                             -3.187E-03
   -6.0     .050    -.267   -1.7643   -.271     .022    6.507    1.015E-01    7.233E-01                             -3.183E-03
   -4.0     .045    -.067    -.3492   -.070     .040    4.974    9.966E-02    7.031E-01                             -3.180E-03
   -2.0     .044     .131    1.0482    .130     .048    8.086    1.008E-01    7.142E-01                             -3.177E-03
     .0     .046     .336    2.5077    .336     .046    7.466    1.045E-01    7.449E-01                             -3.172E-03
    2.0     .051     .549    4.0279    .551     .031    7.313    1.083E-01    7.730E-01                             -3.165E-03
    4.0     .059     .769    5.5998    .771     .005    7.260    1.110E-01    7.962E-01                             -3.158E-03
    8.0     .086    1.222    8.8666   1.222    -.085    7.258    1.071E-01    7.812E-01                             -3.144E-03
    9.0     .095    1.327    9.6389   1.326    -.114    7.271    9.868E-02    7.220E-01                             -3.142E-03
   10.0     .103    1.419   10.3105   1.415    -.145    7.285    8.841E-02    6.483E-01                             -3.141E-03
   12.0     .121    1.582   11.5137   1.573    -.211    7.321    7.361E-02    5.445E-01                             -3.143E-03
   14.0     .139    1.713   12.4886   1.696    -.280    7.364    5.601E-02    4.304E-01                             -3.149E-03
   16.0     .156    1.806     NA      1.779    -.347    NA      -6.327E-03      NA                                  -3.159E-03
   18.0     .160    1.688     NA      1.655    -.370    NA      -2.525E-01      NA                                  -3.193E-03
   19.0     .142    1.339     NA      1.312    -.301    NA      -4.285E-01      NA                                  -3.247E-03
   20.0     .125     .831     NA       .824    -.167    NA      -5.136E-01      NA                                  -3.322E-03
   21.0     .119     .312     NA       .334    -.001    NA      -4.244E-01      NA                                  -3.396E-03
   22.0     .122    -.018     NA       .029     .119    NA      -3.401E-01      NA                                  -3.445E-03
   24.0     .141    -.741     NA      -.619     .430    NA      -3.830E-01      NA                                  -3.546E-03
0                                    ALPHA     Q/QINF    EPSLON  D(EPSLON)/D(ALPHA)
0
                                    -16.0      1.000     -3.356         .281
                                     -8.0      1.000     -1.109         .269
                                     -6.0      1.000      -.576         .261
                                     -4.0       .978      -.066         .253
                                     -2.0       .934       .437         .252
                                       .0       .978       .942         .249
                                      2.0      1.000      1.433         .242
                                      4.0      1.000      1.911         .234
                                      8.0      1.000      2.808         .210
                                      9.0      1.000      3.014         .190
                                     10.0      1.000      3.187         .160
                                     12.0      1.000      3.456         .125
                                     14.0      1.000      3.688         .075
                                     16.0      1.000      3.756        -.070
                                     18.0      1.000      3.410        -.314
                                     19.0      1.000      3.025        -.621
                                     20.0      1.000      2.168        -.879
                                     21.0      1.000      1.267        -.805
                                     22.0      1.000       .557        -.632
                                     24.0      1.000      -.398        -.478
0*** NA PRINTED WHEN METHOD NOT APPLICABLE
1                               AUTOMATED STABILITY AND CONTROL METHODS PER APRIL 1976 VERSION OF DATCOM
                                                         DYNAMIC DERIVATIVES
                                        WING-BODY-VERTICAL TAIL-HORIZONTAL TAIL CONFIGURATION
                                                     TOTAL: TOTAL: Glider SOAR
 
 -----------------------  FLIGHT CONDITIONS  ------------------------           --------------  REFERENCE DIMENSIONS  ------------
  MACH    ALTITUDE   VELOCITY    PRESSURE    TEMPERATURE     REYNOLDS             REF.      REFERENCE LENGTH   MOMENT REF. CENTER
 NUMBER                                                       NUMBER              AREA       LONG.     LAT.     HORIZ      VERT
             IN       IN/SEC     LB/IN**2       DEG R         1/FT               IN**2        IN        IN        IN        IN
0  .010     791.00     133.93   1.4661E+01     518.435     7.0554E+04           112.375      2.990    39.370    31.697      .256
                                                    DYNAMIC DERIVATIVES (PER DEGREE)
0           -------PITCHING-------    -----ACCELERATION------    --------------ROLLING--------------    --------YAWING--------
0   ALPHA       CLQ          CMQ           CLAD         CMAD         CLP          CYP          CNP          CNR          CLR
0
   -16.00   -1.312E+00   -6.730E+00    -8.958E-03   -1.172E-02    2.198E-03   -1.900E-03    2.514E-03   -5.367E-04      NDM 
    -8.00                              -8.590E-03   -1.124E-02    2.140E-03   -3.716E-03    8.478E-04   -2.133E-04      NDM 
    -6.00                              -8.318E-03   -1.088E-02    2.087E-03   -4.152E-03    4.453E-04   -1.833E-04      NDM 
    -4.00                              -7.897E-03   -1.033E-02    2.043E-03   -4.576E-03    5.383E-05   -1.714E-04      NDM 
    -2.00                              -7.499E-03   -9.811E-03    2.087E-03   -5.003E-03   -3.419E-04   -1.763E-04      NDM 
      .00                              -7.759E-03   -1.015E-02    2.177E-03   -5.461E-03   -7.701E-04   -1.993E-04      NDM 
     2.00                              -7.727E-03   -1.011E-02    2.240E-03   -5.958E-03   -1.238E-03   -2.427E-04      NDM 
     4.00                              -7.467E-03   -9.769E-03    2.273E-03   -6.509E-03   -1.765E-03   -3.083E-04      NDM 
     8.00                              -6.680E-03   -8.740E-03    2.107E-03   -8.289E-03   -3.544E-03   -5.092E-04      NDM 
     9.00                              -6.049E-03   -7.914E-03    1.889E-03   -1.286E-02   -8.466E-03   -5.685E-04      NDM 
    10.00                              -5.117E-03   -6.695E-03    1.626E-03   -6.162E-03   -1.154E-03   -6.228E-04      NDM 
    12.00                              -3.993E-03   -5.224E-03    1.236E-03   -7.577E-03   -2.623E-03   -7.259E-04      NDM 
    14.00                              -2.390E-03   -3.127E-03    7.849E-04   -8.104E-03   -3.132E-03   -8.119E-04      NDM 
    16.00                               2.219E-03    2.904E-03   -7.093E-04   -8.633E-03   -3.625E-03   -8.699E-04      NDM 
    18.00                               1.002E-02    1.311E-02   -6.402E-03   -8.738E-03   -3.657E-03   -7.494E-04      NDM 
    19.00                               1.980E-02    2.590E-02   -1.038E-02   -7.911E-03   -2.844E-03   -4.977E-04      NDM 
    20.00                               2.803E-02    3.667E-02   -1.222E-02   -6.566E-03   -1.583E-03   -2.551E-04      NDM 
    21.00                               2.568E-02    3.360E-02   -1.001E-02   -5.168E-03   -2.951E-04   -1.506E-04      NDM 
    22.00                               2.017E-02    2.638E-02   -7.947E-03   -4.309E-03    4.995E-04   -1.580E-04      NDM 
    24.00                               1.523E-02    1.993E-02   -8.844E-03   -2.472E-03    2.205E-03   -3.678E-04      NDM 
0*** NDM PRINTED WHEN NO DATCOM METHODS EXIST
0*** VEHICLE WEIGHT =      2.05 LB.
0*** LEVEL FLIGHT LIFT COEFFICIENT =17.73220
1                             AUTOMATED STABILITY AND CONTROL METHODS PER APRIL 1976 VERSION OF DATCOM
                                             CONFIGURATION AUXILIARY AND PARTIAL OUTPUT
                                        WING-BODY-VERTICAL TAIL-HORIZONTAL TAIL CONFIGURATION
                                                     TOTAL: TOTAL: Glider SOAR
 -----------------------  FLIGHT CONDITIONS  ------------------------           --------------  REFERENCE DIMENSIONS  ------------
  MACH    ALTITUDE   VELOCITY    PRESSURE    TEMPERATURE     REYNOLDS             REF.      REFERENCE LENGTH   MOMENT REF. CENTER
 NUMBER                                                       NUMBER              AREA       LONG.     LAT.     HORIZ      VERT
             IN       IN/SEC     LB/IN**2       DEG R         1/FT               IN**2        IN        IN        IN        IN
0  .010     791.00     133.93   1.4661E+01     518.435     7.0554E+04           112.375      2.990    39.370    31.697      .256


                                                       BASIC BODY PROPERTIES

            WETTED AREA      XCG     ZCG     BASE AREA     ZERO LIFT DRAG   BASE DRAG   FRICTION DRAG   PRESSURE DRAG
              .2173E+03    31.70     .26       1.3551         .1330E-01     .3373E-03     .1296E-01         NA  


                                         XCG RELATIVE TO THEORETICAL LEADING EDGE MAC=  23.21


                                                       BASIC PLANFORM PROPERTIES

                                    TAPER     ASPECT   QUARTER CHORD             QUARTER CHORD              ZERO LIFT    FRICTION
                         AREA       RATIO      RATIO       SWEEP        MAC        X(MAC)       Y(MAC)        DRAG     COEFFICIENT
0      WING
   TOTAL THEORITICAL
+                      .1124E+03     .450     .1379E+02    -1.575     .299E+01     .924E+01     .860E+01                       
       TOTAL EXPOSED
+                      .1005E+03     .470     .1310E+02    -1.575     .289E+01     .921E+01     .953E+01     .212E-01     .953E-02
0  HORIZONTAL TAIL
   TOTAL THEORITICAL
+                      .1861E+02     .500     .3336E+01    16.917     .245E+01     .277E+02     .175E+01                       
       TOTAL EXPOSED
+                      .1640E+02     .524     .3127E+01    16.917     .236E+01     .278E+02     .196E+01     .346E-02     .986E-02
0   VERTICAL TAIL
   TOTAL THEORITICAL
+                      .9694E+01     .563     .1601E+01    17.359     .252E+01     .277E+02     .179E+01                       
       TOTAL EXPOSED
+                      .8553E+01     .587     .1490E+01    17.359     .245E+01     .278E+02     .200E+01     .179E-02     .980E-02
0*** NA PRINTED WHEN METHOD NOT APPLICABLE
1                             AUTOMATED STABILITY AND CONTROL METHODS PER APRIL 1976 VERSION OF DATCOM
                                             CONFIGURATION AUXILIARY AND PARTIAL OUTPUT
                                        WING-BODY-VERTICAL TAIL-HORIZONTAL TAIL CONFIGURATION
                                                     TOTAL: TOTAL: Glider SOAR
 -----------------------  FLIGHT CONDITIONS  ------------------------           --------------  REFERENCE DIMENSIONS  ------------
  MACH    ALTITUDE   VELOCITY    PRESSURE    TEMPERATURE     REYNOLDS             REF.      REFERENCE LENGTH   MOMENT REF. CENTER
 NUMBER                                                       NUMBER              AREA       LONG.     LAT.     HORIZ      VERT
             IN       IN/SEC     LB/IN**2       DEG R         1/FT               IN**2        IN        IN        IN        IN
0  .010     791.00     133.93   1.4661E+01     518.435     7.0554E+04           112.375      2.990    39.370    31.697      .256
0          CLA-B(W)= 7.707E-03     CLA-W(B)= 8.027E-02     K-B(W)= 1.020E-01     K-W(B)= 1.063E+00     XAC/C-B(W)= 2.928E-01
0          CLA-B(H)= 1.214E-03     CLA-H(B)= 1.097E-02     K-B(H)= 1.188E-01     K-H(B)= 1.073E+00     XAC/C-B(H)= 3.024E-01
0                                      SIDEWASH, (1 + D(SIGMA)/D(BETA))QV/Q = 8.5208869E-01



                ALPHA         IV-B(W)          IV-W(H)          IV-B(H)          GAMMA/                  GAMMA/
                                                                              2*PI*ALPHA*V*R         (2*PI*ALPHA*V*R)T
               -16.000        .0000E+00       -.4908E+00       -.2797E+00          NDM                    .1257E+01
                -8.000        .0000E+00       -.5250E+00       -.1516E+00          NDM                    .5703E+00
                -6.000        .0000E+00       -.5294E+00       -.6460E-01          NDM                    .4649E+00
                -4.000        .0000E+00       -.5320E+00        .0000E+00        .0000E+00                .0000E+00
                -2.000        .0000E+00       -.5328E+00        .0000E+00        .0000E+00                .0000E+00
                  .000        .0000E+00       -.5318E+00        .0000E+00        .0000E+00                .0000E+00
                 2.000        .0000E+00       -.5290E+00        .0000E+00        .0000E+00                .0000E+00
                 4.000        .0000E+00       -.5245E+00        .0000E+00        .0000E+00                .0000E+00
                 8.000        .0000E+00       -.5107E+00       -.1516E+00          NDM                    .5703E+00
                 9.000        .0000E+00       -.5062E+00       -.1978E+00          NDM                    .6544E+00
                10.000        .0000E+00       -.5015E+00       -.2284E+00          NDM                    .7386E+00
                12.000        .0000E+00       -.4909E+00       -.2616E+00          NDM                    .9124E+00
                14.000        .0000E+00       -.4790E+00       -.2718E+00          NDM                    .1084E+01
                16.000        .0000E+00       -.4661E+00       -.2797E+00          NDM                    .1257E+01
                18.000        .1304E-02       -.4521E+00       -.2806E+00        .4003E+00                .1431E+01
                19.000       -.9444E-02       -.4448E+00       -.2807E+00        .4235E+00                .1528E+01
                20.000       -.2066E-01       -.4372E+00       -.2802E+00        .4492E+00                .1634E+01
                21.000       -.2170E-01       -.4295E+00       -.2790E+00        .4516E+00                .1712E+01
                22.000       -.2274E-01       -.4216E+00       -.2779E+00        .4541E+00                .1791E+01
                24.000       -.2479E-01       -.4053E+00       -.2756E+00        .4590E+00                .1948E+01


                                                  DYNAMIC DERIVATIVE INCREMENTALS
          CLP(GAMMA=CL=0) =-4.7062E-01     CLP(GAMMA)/CLP (GAMMA=0) = 9.9279E-01      CNP/THETA = 9.9840E-04
                              CYP/GAMMA =-2.6744E-01                    CYP/CL (CL=0) =-1.5011E-01

                                             CLB/GAMMA        (CMO/THETA)W     (CMO/THETA)H
                                              -.2529E-03           NA                NA  
0*** NDM PRINTED WHEN NO DATCOM METHODS EXIST
0*** NA PRINTED WHEN METHOD NOT APPLICABLE
1
1                            AUTOMATED STABILITY AND CONTROL METHODS PER APRIL 1976 VERSION OF DATCOM
                                         CHARACTERISTICS OF HIGH LIFT AND CONTROL DEVICES
                                            TAIL PLAIN TRAILING-EDGE FLAP CONFIGURATION
                                                     TOTAL: TOTAL: Glider SOAR
 -----------------------  FLIGHT CONDITIONS  ------------------------           --------------  REFERENCE DIMENSIONS  ------------
  MACH    ALTITUDE   VELOCITY    PRESSURE    TEMPERATURE     REYNOLDS             REF.      REFERENCE LENGTH   MOMENT REF. CENTER
 NUMBER                                                       NUMBER              AREA       LONG.     LAT.     HORIZ      VERT
             IN       IN/SEC     LB/IN**2       DEG R         1/FT               IN**2        IN        IN        IN        IN
0  .010     791.00     133.93   3.0401E+05     518.435     7.0554E+04           112.375      2.990    39.370    31.697      .256
0            ---------INCREMENTS DUE TO DEFLECTION---------              ---DERIVATIVES (PER DEGREE)---
0     DELTA     D(CL)     D(CM)    D(CL MAX)    D(CD MIN)                (CLA)D     (CH)A       (CH)D


      -15.0     -.094     -.0825      .063       .00576                  NDM      -6.132E-03  -9.971E-03
      -10.0     -.069     -.0605      .045       .00320                  NDM                  -9.517E-03
       -5.0     -.034     -.0302      .023       .00159                  NDM                  -9.517E-03
         .0      .000      .0001      .000       .00000                  NDM                  -9.517E-03
        5.0      .034      .0302      .023       .00159                  NDM                  -9.517E-03
       10.0      .069      .0605      .045       .00320                  NDM                  -9.517E-03
       15.0      .094      .0821      .063       .00576                  NDM                  -9.971E-03
0  *** NOTE * HINGE MOMENT DERIVATIVES ARE BASED ON TWICE THE AREA-MOMENT OF THE CONTROL ABOUT ITS HINGE LINE

0            --------- INDUCED DRAG COEFFICIENT INCREMENT , D(CDI) , DUE TO DEFLECTION ---------
0       DELTA = -15.0     -10.0      -5.0        .0       5.0      10.0      15.0
   ALPHA
0
   -16.0        1.12E-02  7.44E-03  3.21E-03 -5.40E-06 -2.19E-03 -3.37E-03 -3.59E-03
    -8.0        6.41E-03  3.95E-03  1.46E-03 -1.91E-06 -4.48E-04  1.21E-04  1.19E-03
    -6.0        5.20E-03  3.05E-03  1.02E-03 -1.02E-06 -2.58E-06  1.01E-03  2.40E-03
    -4.0        3.96E-03  2.15E-03  5.67E-04 -1.16E-07  4.49E-04  1.92E-03  3.64E-03
    -2.0        2.72E-03  1.24E-03  1.13E-04  7.93E-07  9.04E-04  2.82E-03  4.88E-03
      .0        6.97E-04 -2.37E-04 -6.27E-04  2.27E-06  1.64E-03  4.30E-03  6.90E-03
     2.0        2.27E-04 -5.81E-04 -7.99E-04  2.62E-06  1.82E-03  4.65E-03  7.37E-03
     4.0       -1.04E-03 -1.50E-03 -1.26E-03  3.54E-06  2.28E-03  5.57E-03  8.64E-03
     8.0       -3.61E-03 -3.39E-03 -2.20E-03  5.42E-06  3.22E-03  7.45E-03  1.12E-02
     9.0       -4.27E-03 -3.87E-03 -2.44E-03  5.90E-06  3.46E-03  7.94E-03  1.19E-02
    10.0       -4.96E-03 -4.37E-03 -2.69E-03  6.41E-06  3.71E-03  8.44E-03  1.26E-02
    12.0       -6.39E-03 -5.42E-03 -3.22E-03  7.46E-06  4.24E-03  9.49E-03  1.40E-02
    14.0       -7.86E-03 -6.49E-03 -3.76E-03  8.53E-06  4.77E-03  1.06E-02  1.55E-02
    16.0       -9.46E-03 -7.67E-03 -4.34E-03  9.70E-06  5.36E-03  1.17E-02  1.71E-02
    18.0       -1.14E-02 -9.09E-03 -5.05E-03  1.11E-05  6.07E-03  1.32E-02  1.90E-02
    19.0       -1.26E-02 -9.93E-03 -5.47E-03  1.20E-05  6.49E-03  1.40E-02  2.02E-02
    20.0       -1.41E-02 -1.11E-02 -6.04E-03  1.31E-05  7.05E-03  1.51E-02  2.17E-02
    21.0       -1.57E-02 -1.22E-02 -6.61E-03  1.42E-05  7.63E-03  1.63E-02  2.33E-02
    22.0       -1.71E-02 -1.33E-02 -7.13E-03  1.53E-05  8.15E-03  1.73E-02  2.47E-02
    24.0       -1.95E-02 -1.50E-02 -8.03E-03  1.71E-05  9.05E-03  1.91E-02  2.71E-02
0***NDM PRINTED WHEN NO DATCOM METHODS EXIST
1 END OF JOB.
